<?xml version="1.0" encoding="UTF-8"?>
<!-- Generated by org.testng.reporters.JUnitReportReporter -->
<testsuite hostname="swati" failures="0" tests="1" name="com.qa.testcases.ProfilePageTest" time="23.473" errors="0" timestamp="2021-03-11T16:29:20 NZDT" skipped="0">
  <testcase classname="com.qa.testcases.ProfilePageTest" name="UpdateProfileTest" time="23.473"/>
  <system-out/>
</testsuite> <!-- com.qa.testcases.ProfilePageTest -->
