<?xml version="1.0" encoding="UTF-8"?>
<!-- Generated by org.testng.reporters.JUnitReportReporter -->
<testsuite hostname="swati" failures="0" tests="2" name="com.qa.testcases.RegistrationPageTest" time="26.315" errors="0" timestamp="2021-03-11T16:30:23 NZDT" skipped="0">
  <testcase classname="com.qa.testcases.RegistrationPageTest" name="VerifyNewUserLogin" time="13.351"/>
  <system-out/>
  <testcase classname="com.qa.testcases.RegistrationPageTest" name="RegisterUser" time="12.964"/>
  <system-out/>
</testsuite> <!-- com.qa.testcases.RegistrationPageTest -->
