<?xml version="1.0" encoding="UTF-8"?>
<!-- Generated by org.testng.reporters.JUnitReportReporter -->
<testsuite hostname="swati" failures="0" tests="3" name="com.qa.testcases.HomePageTest" time="23.949" errors="0" timestamp="2021-03-11T16:28:50 NZDT" skipped="0">
  <testcase classname="com.qa.testcases.HomePageTest" name="ValidLoginTest2" time="8.247"/>
  <system-out/>
  <testcase classname="com.qa.testcases.HomePageTest" name="PopularModelName" time="7.810"/>
  <system-out/>
  <testcase classname="com.qa.testcases.HomePageTest" name="ValidLoginTest1" time="7.892"/>
  <system-out/>
</testsuite> <!-- com.qa.testcases.HomePageTest -->
