<?xml version="1.0" encoding="UTF-8"?>
<!-- Generated by org.testng.reporters.JUnitReportReporter -->
<testsuite hostname="swati" failures="0" tests="1" name="com.qa.testcases.ProfilePageTest" time="19.590" errors="0" timestamp="2021-03-11T01:34:40 NZDT" skipped="0">
  <testcase classname="com.qa.testcases.ProfilePageTest" name="UpdateProfileTest" time="19.590"/>
  <system-out/>
</testsuite> <!-- com.qa.testcases.ProfilePageTest -->
