<?xml version="1.0" encoding="UTF-8"?>
<!-- Generated by org.testng.reporters.JUnitReportReporter -->
<testsuite hostname="swati" failures="0" tests="2" name="com.qa.testcases.HomePageTest" time="12.280" errors="0" timestamp="2021-03-11T01:03:26 NZDT" skipped="0">
  <testcase classname="com.qa.testcases.HomePageTest" name="ValidLoginTest1" time="5.924"/>
  <system-out/>
  <testcase classname="com.qa.testcases.HomePageTest" name="ValidLoginTest2" time="6.356"/>
  <system-out/>
</testsuite> <!-- com.qa.testcases.HomePageTest -->
